# JRE version: OpenJDK Runtime Environment Microsoft-8035250 (11.0.20+8) (build 11.0.20+8-LTS)
# Java VM: OpenJDK 64-Bit Server VM Microsoft-8035250 (11.0.20+8-LTS, mixed mode, tiered, compressed oops, g1 gc, windows-amd64)
Heap:
 garbage-first heap   total 194560K, used 44748K [0x0000000080000000, 0x0000000100000000)
  region size 1024K, 32 young (32768K), 5 survivors (5120K)
 Metaspace       used 23780K, capacity 24393K, committed 24624K, reserved 538624K
  class space    used 2931K, capacity 3142K, committed 3200K, reserved 516096K
GC Heap History (10 events):
Event: 0.889 GC heap before
{Heap before GC invocations=0 (full 0):
 garbage-first heap   total 194560K, used 13312K [0x0000000080000000, 0x0000000100000000)
  region size 1024K, 14 young (14336K), 0 survivors (0K)
 Metaspace       used 6804K, capacity 6985K, committed 7168K, reserved 524288K
  class space    used 572K, capacity 650K, committed 768K, reserved 516096K
}
Event: 0.901 GC heap after
{Heap after GC invocations=1 (full 0):
 garbage-first heap   total 194560K, used 4678K [0x0000000080000000, 0x0000000100000000)
  region size 1024K, 2 young (2048K), 2 survivors (2048K)
 Metaspace       used 6804K, capacity 6985K, committed 7168K, reserved 524288K
  class space    used 572K, capacity 650K, committed 768K, reserved 516096K
}
Event: 1.349 GC heap before
{Heap before GC invocations=1 (full 0):
 garbage-first heap   total 194560K, used 20038K [0x0000000080000000, 0x0000000100000000)
  region size 1024K, 13 young (13312K), 2 survivors (2048K)
 Metaspace       used 9867K, capacity 10080K, committed 10368K, reserved 526336K
  class space    used 1007K, capacity 1069K, committed 1152K, reserved 516096K
}
Event: 1.353 GC heap after
{Heap after GC invocations=2 (full 0):
 garbage-first heap   total 194560K, used 10961K [0x0000000080000000, 0x0000000100000000)
  region size 1024K, 2 young (2048K), 2 survivors (2048K)
 Metaspace       used 9867K, capacity 10080K, committed 10368K, reserved 526336K
  class space    used 1007K, capacity 1069K, committed 1152K, reserved 516096K
}
Event: 2.462 GC heap before
{Heap before GC invocations=2 (full 0):
 garbage-first heap   total 194560K, used 39633K [0x0000000080000000, 0x0000000100000000)
  region size 1024K, 30 young (30720K), 2 survivors (2048K)
 Metaspace       used 10934K, capacity 11195K, committed 11520K, reserved 526336K
  class space    used 1115K, capacity 1206K, committed 1280K, reserved 516096K
}
Event: 2.468 GC heap after
{Heap after GC invocations=3 (full 0):
 garbage-first heap   total 194560K, used 13927K [0x0000000080000000, 0x0000000100000000)
  region size 1024K, 4 young (4096K), 4 survivors (4096K)
 Metaspace       used 10934K, capacity 11195K, committed 11520K, reserved 526336K
  class space    used 1115K, capacity 1206K, committed 1280K, reserved 516096K
}
Event: 4.582 GC heap before
{Heap before GC invocations=3 (full 0):
 garbage-first heap   total 194560K, used 55911K [0x0000000080000000, 0x0000000100000000)
  region size 1024K, 45 young (46080K), 4 survivors (4096K)
 Metaspace       used 18530K, capacity 18898K, committed 19200K, reserved 534528K
  class space    used 2119K, capacity 2241K, committed 2304K, reserved 516096K
}
Event: 4.593 GC heap after
{Heap after GC invocations=4 (full 0):
 garbage-first heap   total 194560K, used 18558K [0x0000000080000000, 0x0000000100000000)
  region size 1024K, 6 young (6144K), 6 survivors (6144K)
 Metaspace       used 18530K, capacity 18898K, committed 19200K, reserved 534528K
  class space    used 2119K, capacity 2241K, committed 2304K, reserved 516096K
}
Event: 4.964 GC heap before
{Heap before GC invocations=4 (full 0):
 garbage-first heap   total 194560K, used 35966K [0x0000000080000000, 0x0000000100000000)
  region size 1024K, 24 young (24576K), 6 survivors (6144K)
 Metaspace       used 20716K, capacity 21155K, committed 21296K, reserved 536576K
  class space    used 2454K, capacity 2639K, committed 2688K, reserved 516096K
}
Event: 4.972 GC heap after
{Heap after GC invocations=5 (full 0):
 garbage-first heap   total 194560K, used 19148K [0x0000000080000000, 0x0000000100000000)
  region size 1024K, 5 young (5120K), 5 survivors (5120K)
 Metaspace       used 20716K, capacity 21155K, committed 21296K, reserved 536576K
  class space    used 2454K, capacity 2639K, committed 2688K, reserved 516096K
}

