# JRE version: OpenJDK Runtime Environment Temurin-17.0.8.1+1 (17.0.8.1+1) (build 17.0.8.1+1)
# Java VM: OpenJDK 64-Bit Server VM Temurin-17.0.8.1+1 (17.0.8.1+1, mixed mode, tiered, compressed oops, compressed class ptrs, parallel gc, windows-amd64)
GC Precious Log:
 CPUs: 4 total, 4 available
 Memory: 12143M
 Large Page Support: Disabled
 NUMA Support: Disabled
 Compressed Oops: Enabled (32-bit)
 Alignments: Space 512K, Generation 512K, Heap 2M
 Heap Min Capacity: 100M
 Heap Initial Capacity: 100M
 Heap Max Capacity: 1G
 Pre-touch: Disabled
 Parallel Workers: 4
Heap:
 PSYoungGen      total 5120K, used 2904K [0x00000000eab00000, 0x00000000eb100000, 0x0000000100000000)
  eden space 4096K, 48% used [0x00000000eab00000,0x00000000eacf3f60,0x00000000eaf00000)
  from space 1024K, 88% used [0x00000000eb000000,0x00000000eb0e2188,0x00000000eb100000)
  to   space 1024K, 0% used [0x00000000eaf00000,0x00000000eaf00000,0x00000000eb000000)
 ParOldGen       total 245760K, used 234226K [0x00000000c0000000, 0x00000000cf000000, 0x00000000eab00000)
  object space 245760K, 95% used [0x00000000c0000000,0x00000000ce4bcb70,0x00000000cf000000)
 Metaspace       used 59112K, committed 60096K, reserved 1114112K
  class space    used 6392K, committed 6848K, reserved 1048576K
GC Heap History (20 events):
Event: 84.501 GC heap before
{Heap before GC invocations=143 (full 10):
 PSYoungGen      total 5120K, used 4985K [0x00000000eab00000, 0x00000000eb100000, 0x0000000100000000)
  eden space 4096K, 100% used [0x00000000eab00000,0x00000000eaf00000,0x00000000eaf00000)
  from space 1024K, 86% used [0x00000000eb000000,0x00000000eb0de548,0x00000000eb100000)
  to   space 1024K, 0% used [0x00000000eaf00000,0x00000000eaf00000,0x00000000eb000000)
 ParOldGen       total 245760K, used 223421K [0x00000000c0000000, 0x00000000cf000000, 0x00000000eab00000)
  object space 245760K, 90% used [0x00000000c0000000,0x00000000cda2f5b8,0x00000000cf000000)
 Metaspace       used 59111K, committed 60096K, reserved 1114112K
  class space    used 6392K, committed 6848K, reserved 1048576K
}
Event: 84.506 GC heap after
{Heap after GC invocations=143 (full 10):
 PSYoungGen      total 5120K, used 1003K [0x00000000eab00000, 0x00000000eb100000, 0x0000000100000000)
  eden space 4096K, 0% used [0x00000000eab00000,0x00000000eab00000,0x00000000eaf00000)
  from space 1024K, 98% used [0x00000000eaf00000,0x00000000eaffaef0,0x00000000eb000000)
  to   space 1024K, 0% used [0x00000000eb000000,0x00000000eb000000,0x00000000eb100000)
 ParOldGen       total 245760K, used 224325K [0x00000000c0000000, 0x00000000cf000000, 0x00000000eab00000)
  object space 245760K, 91% used [0x00000000c0000000,0x00000000cdb11418,0x00000000cf000000)
 Metaspace       used 59111K, committed 60096K, reserved 1114112K
  class space    used 6392K, committed 6848K, reserved 1048576K
}
Event: 84.532 GC heap before
{Heap before GC invocations=144 (full 10):
 PSYoungGen      total 5120K, used 5098K [0x00000000eab00000, 0x00000000eb100000, 0x0000000100000000)
  eden space 4096K, 99% used [0x00000000eab00000,0x00000000eaeffa38,0x00000000eaf00000)
  from space 1024K, 98% used [0x00000000eaf00000,0x00000000eaffaef0,0x00000000eb000000)
  to   space 1024K, 0% used [0x00000000eb000000,0x00000000eb000000,0x00000000eb100000)
 ParOldGen       total 245760K, used 224325K [0x00000000c0000000, 0x00000000cf000000, 0x00000000eab00000)
  object space 245760K, 91% used [0x00000000c0000000,0x00000000cdb11418,0x00000000cf000000)
 Metaspace       used 59111K, committed 60096K, reserved 1114112K
  class space    used 6392K, committed 6848K, reserved 1048576K
}
Event: 84.535 GC heap after
{Heap after GC invocations=144 (full 10):
 PSYoungGen      total 5120K, used 890K [0x00000000eab00000, 0x00000000eb100000, 0x0000000100000000)
  eden space 4096K, 0% used [0x00000000eab00000,0x00000000eab00000,0x00000000eaf00000)
  from space 1024K, 86% used [0x00000000eb000000,0x00000000eb0de8f8,0x00000000eb100000)
  to   space 1024K, 0% used [0x00000000eaf00000,0x00000000eaf00000,0x00000000eb000000)
 ParOldGen       total 245760K, used 225244K [0x00000000c0000000, 0x00000000cf000000, 0x00000000eab00000)
  object space 245760K, 91% used [0x00000000c0000000,0x00000000cdbf7100,0x00000000cf000000)
 Metaspace       used 59111K, committed 60096K, reserved 1114112K
  class space    used 6392K, committed 6848K, reserved 1048576K
}
Event: 84.573 GC heap before
{Heap before GC invocations=145 (full 10):
 PSYoungGen      total 5120K, used 4986K [0x00000000eab00000, 0x00000000eb100000, 0x0000000100000000)
  eden space 4096K, 100% used [0x00000000eab00000,0x00000000eaf00000,0x00000000eaf00000)
  from space 1024K, 86% used [0x00000000eb000000,0x00000000eb0de8f8,0x00000000eb100000)
  to   space 1024K, 0% used [0x00000000eaf00000,0x00000000eaf00000,0x00000000eb000000)
 ParOldGen       total 245760K, used 225244K [0x00000000c0000000, 0x00000000cf000000, 0x00000000eab00000)
  object space 245760K, 91% used [0x00000000c0000000,0x00000000cdbf7100,0x00000000cf000000)
 Metaspace       used 59111K, committed 60096K, reserved 1114112K
  class space    used 6392K, committed 6848K, reserved 1048576K
}
Event: 84.576 GC heap after
{Heap after GC invocations=145 (full 10):
 PSYoungGen      total 5120K, used 997K [0x00000000eab00000, 0x00000000eb100000, 0x0000000100000000)
  eden space 4096K, 0% used [0x00000000eab00000,0x00000000eab00000,0x00000000eaf00000)
  from space 1024K, 97% used [0x00000000eaf00000,0x00000000eaff9608,0x00000000eb000000)
  to   space 1024K, 0% used [0x00000000eb000000,0x00000000eb000000,0x00000000eb100000)
 ParOldGen       total 245760K, used 226135K [0x00000000c0000000, 0x00000000cf000000, 0x00000000eab00000)
  object space 245760K, 92% used [0x00000000c0000000,0x00000000cdcd5d20,0x00000000cf000000)
 Metaspace       used 59111K, committed 60096K, reserved 1114112K
  class space    used 6392K, committed 6848K, reserved 1048576K
}
Event: 84.600 GC heap before
{Heap before GC invocations=146 (full 10):
 PSYoungGen      total 5120K, used 5093K [0x00000000eab00000, 0x00000000eb100000, 0x0000000100000000)
  eden space 4096K, 100% used [0x00000000eab00000,0x00000000eaf00000,0x00000000eaf00000)
  from space 1024K, 97% used [0x00000000eaf00000,0x00000000eaff9608,0x00000000eb000000)
  to   space 1024K, 0% used [0x00000000eb000000,0x00000000eb000000,0x00000000eb100000)
 ParOldGen       total 245760K, used 226135K [0x00000000c0000000, 0x00000000cf000000, 0x00000000eab00000)
  object space 245760K, 92% used [0x00000000c0000000,0x00000000cdcd5d20,0x00000000cf000000)
 Metaspace       used 59111K, committed 60096K, reserved 1114112K
  class space    used 6392K, committed 6848K, reserved 1048576K
}
Event: 84.603 GC heap after
{Heap after GC invocations=146 (full 10):
 PSYoungGen      total 5120K, used 912K [0x00000000eab00000, 0x00000000eb100000, 0x0000000100000000)
  eden space 4096K, 0% used [0x00000000eab00000,0x00000000eab00000,0x00000000eaf00000)
  from space 1024K, 89% used [0x00000000eb000000,0x00000000eb0e40d8,0x00000000eb100000)
  to   space 1024K, 0% used [0x00000000eaf00000,0x00000000eaf00000,0x00000000eb000000)
 ParOldGen       total 245760K, used 227106K [0x00000000c0000000, 0x00000000cf000000, 0x00000000eab00000)
  object space 245760K, 92% used [0x00000000c0000000,0x00000000cddc88a0,0x00000000cf000000)
 Metaspace       used 59111K, committed 60096K, reserved 1114112K
  class space    used 6392K, committed 6848K, reserved 1048576K
}
Event: 84.624 GC heap before
{Heap before GC invocations=147 (full 10):
 PSYoungGen      total 5120K, used 5008K [0x00000000eab00000, 0x00000000eb100000, 0x0000000100000000)
  eden space 4096K, 100% used [0x00000000eab00000,0x00000000eaf00000,0x00000000eaf00000)
  from space 1024K, 89% used [0x00000000eb000000,0x00000000eb0e40d8,0x00000000eb100000)
  to   space 1024K, 0% used [0x00000000eaf00000,0x00000000eaf00000,0x00000000eb000000)
 ParOldGen       total 245760K, used 227106K [0x00000000c0000000, 0x00000000cf000000, 0x00000000eab00000)
  object space 245760K, 92% used [0x00000000c0000000,0x00000000cddc88a0,0x00000000cf000000)
 Metaspace       used 59111K, committed 60096K, reserved 1114112K
  class space    used 6392K, committed 6848K, reserved 1048576K
}
Event: 84.627 GC heap after
{Heap after GC invocations=147 (full 10):
 PSYoungGen      total 5120K, used 982K [0x00000000eab00000, 0x00000000eb100000, 0x0000000100000000)
  eden space 4096K, 0% used [0x00000000eab00000,0x00000000eab00000,0x00000000eaf00000)
  from space 1024K, 95% used [0x00000000eaf00000,0x00000000eaff5be0,0x00000000eb000000)
  to   space 1024K, 0% used [0x00000000eb000000,0x00000000eb000000,0x00000000eb100000)
 ParOldGen       total 245760K, used 227969K [0x00000000c0000000, 0x00000000cf000000, 0x00000000eab00000)
  object space 245760K, 92% used [0x00000000c0000000,0x00000000cdea0790,0x00000000cf000000)
 Metaspace       used 59111K, committed 60096K, reserved 1114112K
  class space    used 6392K, committed 6848K, reserved 1048576K
}
Event: 84.649 GC heap before
{Heap before GC invocations=148 (full 10):
 PSYoungGen      total 5120K, used 5078K [0x00000000eab00000, 0x00000000eb100000, 0x0000000100000000)
  eden space 4096K, 100% used [0x00000000eab00000,0x00000000eaf00000,0x00000000eaf00000)
  from space 1024K, 95% used [0x00000000eaf00000,0x00000000eaff5be0,0x00000000eb000000)
  to   space 1024K, 0% used [0x00000000eb000000,0x00000000eb000000,0x00000000eb100000)
 ParOldGen       total 245760K, used 227969K [0x00000000c0000000, 0x00000000cf000000, 0x00000000eab00000)
  object space 245760K, 92% used [0x00000000c0000000,0x00000000cdea0790,0x00000000cf000000)
 Metaspace       used 59111K, committed 60096K, reserved 1114112K
  class space    used 6392K, committed 6848K, reserved 1048576K
}
Event: 84.654 GC heap after
{Heap after GC invocations=148 (full 10):
 PSYoungGen      total 5120K, used 937K [0x00000000eab00000, 0x00000000eb100000, 0x0000000100000000)
  eden space 4096K, 0% used [0x00000000eab00000,0x00000000eab00000,0x00000000eaf00000)
  from space 1024K, 91% used [0x00000000eb000000,0x00000000eb0ea4a8,0x00000000eb100000)
  to   space 1024K, 0% used [0x00000000eaf00000,0x00000000eaf00000,0x00000000eb000000)
 ParOldGen       total 245760K, used 228882K [0x00000000c0000000, 0x00000000cf000000, 0x00000000eab00000)
  object space 245760K, 93% used [0x00000000c0000000,0x00000000cdf84988,0x00000000cf000000)
 Metaspace       used 59111K, committed 60096K, reserved 1114112K
  class space    used 6392K, committed 6848K, reserved 1048576K
}
Event: 84.697 GC heap before
{Heap before GC invocations=149 (full 10):
 PSYoungGen      total 5120K, used 5033K [0x00000000eab00000, 0x00000000eb100000, 0x0000000100000000)
  eden space 4096K, 100% used [0x00000000eab00000,0x00000000eaf00000,0x00000000eaf00000)
  from space 1024K, 91% used [0x00000000eb000000,0x00000000eb0ea4a8,0x00000000eb100000)
  to   space 1024K, 0% used [0x00000000eaf00000,0x00000000eaf00000,0x00000000eb000000)
 ParOldGen       total 245760K, used 228882K [0x00000000c0000000, 0x00000000cf000000, 0x00000000eab00000)
  object space 245760K, 93% used [0x00000000c0000000,0x00000000cdf84988,0x00000000cf000000)
 Metaspace       used 59111K, committed 60096K, reserved 1114112K
  class space    used 6392K, committed 6848K, reserved 1048576K
}
Event: 84.700 GC heap after
{Heap after GC invocations=149 (full 10):
 PSYoungGen      total 5120K, used 906K [0x00000000eab00000, 0x00000000eb100000, 0x0000000100000000)
  eden space 4096K, 0% used [0x00000000eab00000,0x00000000eab00000,0x00000000eaf00000)
  from space 1024K, 88% used [0x00000000eaf00000,0x00000000eafe28c8,0x00000000eb000000)
  to   space 1024K, 0% used [0x00000000eb000000,0x00000000eb000000,0x00000000eb100000)
 ParOldGen       total 245760K, used 229795K [0x00000000c0000000, 0x00000000cf000000, 0x00000000eab00000)
  object space 245760K, 93% used [0x00000000c0000000,0x00000000ce068e60,0x00000000cf000000)
 Metaspace       used 59111K, committed 60096K, reserved 1114112K
  class space    used 6392K, committed 6848K, reserved 1048576K
}
Event: 84.732 GC heap before
{Heap before GC invocations=150 (full 10):
 PSYoungGen      total 5120K, used 5002K [0x00000000eab00000, 0x00000000eb100000, 0x0000000100000000)
  eden space 4096K, 100% used [0x00000000eab00000,0x00000000eaf00000,0x00000000eaf00000)
  from space 1024K, 88% used [0x00000000eaf00000,0x00000000eafe28c8,0x00000000eb000000)
  to   space 1024K, 0% used [0x00000000eb000000,0x00000000eb000000,0x00000000eb100000)
 ParOldGen       total 245760K, used 229795K [0x00000000c0000000, 0x00000000cf000000, 0x00000000eab00000)
  object space 245760K, 93% used [0x00000000c0000000,0x00000000ce068e60,0x00000000cf000000)
 Metaspace       used 59112K, committed 60096K, reserved 1114112K
  class space    used 6392K, committed 6848K, reserved 1048576K
}
Event: 84.735 GC heap after
{Heap after GC invocations=150 (full 10):
 PSYoungGen      total 5120K, used 1005K [0x00000000eab00000, 0x00000000eb100000, 0x0000000100000000)
  eden space 4096K, 0% used [0x00000000eab00000,0x00000000eab00000,0x00000000eaf00000)
  from space 1024K, 98% used [0x00000000eb000000,0x00000000eb0fb5e0,0x00000000eb100000)
  to   space 1024K, 0% used [0x00000000eaf00000,0x00000000eaf00000,0x00000000eb000000)
 ParOldGen       total 245760K, used 230668K [0x00000000c0000000, 0x00000000cf000000, 0x00000000eab00000)
  object space 245760K, 93% used [0x00000000c0000000,0x00000000ce143338,0x00000000cf000000)
 Metaspace       used 59112K, committed 60096K, reserved 1114112K
  class space    used 6392K, committed 6848K, reserved 1048576K
}
Event: 84.761 GC heap before
{Heap before GC invocations=151 (full 10):
 PSYoungGen      total 5120K, used 5101K [0x00000000eab00000, 0x00000000eb100000, 0x0000000100000000)
  eden space 4096K, 100% used [0x00000000eab00000,0x00000000eaf00000,0x00000000eaf00000)
  from space 1024K, 98% used [0x00000000eb000000,0x00000000eb0fb5e0,0x00000000eb100000)
  to   space 1024K, 0% used [0x00000000eaf00000,0x00000000eaf00000,0x00000000eb000000)
 ParOldGen       total 245760K, used 230668K [0x00000000c0000000, 0x00000000cf000000, 0x00000000eab00000)
  object space 245760K, 93% used [0x00000000c0000000,0x00000000ce143338,0x00000000cf000000)
 Metaspace       used 59112K, committed 60096K, reserved 1114112K
  class space    used 6392K, committed 6848K, reserved 1048576K
}
Event: 84.764 GC heap after
{Heap after GC invocations=151 (full 10):
 PSYoungGen      total 5120K, used 950K [0x00000000eab00000, 0x00000000eb100000, 0x0000000100000000)
  eden space 4096K, 0% used [0x00000000eab00000,0x00000000eab00000,0x00000000eaf00000)
  from space 1024K, 92% used [0x00000000eaf00000,0x00000000eafed958,0x00000000eb000000)
  to   space 1024K, 0% used [0x00000000eb000000,0x00000000eb000000,0x00000000eb100000)
 ParOldGen       total 245760K, used 231581K [0x00000000c0000000, 0x00000000cf000000, 0x00000000eab00000)
  object space 245760K, 94% used [0x00000000c0000000,0x00000000ce227650,0x00000000cf000000)
 Metaspace       used 59112K, committed 60096K, reserved 1114112K
  class space    used 6392K, committed 6848K, reserved 1048576K
}
Event: 84.791 GC heap before
{Heap before GC invocations=152 (full 10):
 PSYoungGen      total 5120K, used 5046K [0x00000000eab00000, 0x00000000eb100000, 0x0000000100000000)
  eden space 4096K, 100% used [0x00000000eab00000,0x00000000eaf00000,0x00000000eaf00000)
  from space 1024K, 92% used [0x00000000eaf00000,0x00000000eafed958,0x00000000eb000000)
  to   space 1024K, 0% used [0x00000000eb000000,0x00000000eb000000,0x00000000eb100000)
 ParOldGen       total 245760K, used 231581K [0x00000000c0000000, 0x00000000cf000000, 0x00000000eab00000)
  object space 245760K, 94% used [0x00000000c0000000,0x00000000ce227650,0x00000000cf000000)
 Metaspace       used 59112K, committed 60096K, reserved 1114112K
  class space    used 6392K, committed 6848K, reserved 1048576K
}
Event: 84.795 GC heap after
{Heap after GC invocations=152 (full 10):
 PSYoungGen      total 5120K, used 904K [0x00000000eab00000, 0x00000000eb100000, 0x0000000100000000)
  eden space 4096K, 0% used [0x00000000eab00000,0x00000000eab00000,0x00000000eaf00000)
  from space 1024K, 88% used [0x00000000eb000000,0x00000000eb0e2020,0x00000000eb100000)
  to   space 1024K, 0% used [0x00000000eaf00000,0x00000000eaf00000,0x00000000eb000000)
 ParOldGen       total 245760K, used 232461K [0x00000000c0000000, 0x00000000cf000000, 0x00000000eab00000)
  object space 245760K, 94% used [0x00000000c0000000,0x00000000ce3034f8,0x00000000cf000000)
 Metaspace       used 59112K, committed 60096K, reserved 1114112K
  class space    used 6392K, committed 6848K, reserved 1048576K
}

