# JRE version: OpenJDK Runtime Environment Microsoft-8035250 (11.0.20+8) (build 11.0.20+8-LTS)
# Java VM: OpenJDK 64-Bit Server VM Microsoft-8035250 (11.0.20+8-LTS, mixed mode, tiered, compressed oops, g1 gc, windows-amd64)
Heap:
 garbage-first heap   total 194560K, used 112141K [0x0000000080000000, 0x0000000100000000)
  region size 1024K, 67 young (68608K), 11 survivors (11264K)
 Metaspace       used 75922K, capacity 78376K, committed 78632K, reserved 585728K
  class space    used 9894K, capacity 10856K, committed 10880K, reserved 516096K
GC Heap History (20 events):
Event: 3.151 GC heap before
{Heap before GC invocations=2 (full 0):
 garbage-first heap   total 194560K, used 40180K [0x0000000080000000, 0x0000000100000000)
  region size 1024K, 31 young (31744K), 2 survivors (2048K)
 Metaspace       used 10998K, capacity 11267K, committed 11520K, reserved 526336K
  class space    used 1116K, capacity 1206K, committed 1280K, reserved 516096K
}
Event: 3.158 GC heap after
{Heap after GC invocations=3 (full 0):
 garbage-first heap   total 194560K, used 13355K [0x0000000080000000, 0x0000000100000000)
  region size 1024K, 4 young (4096K), 4 survivors (4096K)
 Metaspace       used 10998K, capacity 11267K, committed 11520K, reserved 526336K
  class space    used 1116K, capacity 1206K, committed 1280K, reserved 516096K
}
Event: 6.161 GC heap before
{Heap before GC invocations=3 (full 0):
 garbage-first heap   total 194560K, used 56363K [0x0000000080000000, 0x0000000100000000)
  region size 1024K, 46 young (47104K), 4 survivors (4096K)
 Metaspace       used 18497K, capacity 18881K, committed 18944K, reserved 534528K
  class space    used 2137K, capacity 2277K, committed 2304K, reserved 516096K
}
Event: 6.171 GC heap after
{Heap after GC invocations=4 (full 0):
 garbage-first heap   total 194560K, used 16729K [0x0000000080000000, 0x0000000100000000)
  region size 1024K, 6 young (6144K), 6 survivors (6144K)
 Metaspace       used 18497K, capacity 18881K, committed 18944K, reserved 534528K
  class space    used 2137K, capacity 2277K, committed 2304K, reserved 516096K
}
Event: 6.885 GC heap before
{Heap before GC invocations=4 (full 0):
 garbage-first heap   total 194560K, used 34137K [0x0000000080000000, 0x0000000100000000)
  region size 1024K, 24 young (24576K), 6 survivors (6144K)
 Metaspace       used 20757K, capacity 21167K, committed 21296K, reserved 536576K
  class space    used 2446K, capacity 2614K, committed 2688K, reserved 516096K
}
Event: 6.895 GC heap after
{Heap after GC invocations=5 (full 0):
 garbage-first heap   total 194560K, used 17620K [0x0000000080000000, 0x0000000100000000)
  region size 1024K, 4 young (4096K), 4 survivors (4096K)
 Metaspace       used 20757K, capacity 21167K, committed 21296K, reserved 536576K
  class space    used 2446K, capacity 2614K, committed 2688K, reserved 516096K
}
Event: 9.232 GC heap before
{Heap before GC invocations=6 (full 0):
 garbage-first heap   total 194560K, used 70868K [0x0000000080000000, 0x0000000100000000)
  region size 1024K, 56 young (57344K), 4 survivors (4096K)
 Metaspace       used 26073K, capacity 26672K, committed 26800K, reserved 540672K
  class space    used 3300K, capacity 3521K, committed 3584K, reserved 516096K
}
Event: 9.242 GC heap after
{Heap after GC invocations=7 (full 0):
 garbage-first heap   total 194560K, used 19864K [0x0000000080000000, 0x0000000100000000)
  region size 1024K, 3 young (3072K), 3 survivors (3072K)
 Metaspace       used 26073K, capacity 26672K, committed 26800K, reserved 540672K
  class space    used 3300K, capacity 3521K, committed 3584K, reserved 516096K
}
Event: 13.205 GC heap before
{Heap before GC invocations=7 (full 0):
 garbage-first heap   total 194560K, used 92568K [0x0000000080000000, 0x0000000100000000)
  region size 1024K, 75 young (76800K), 3 survivors (3072K)
 Metaspace       used 34976K, capacity 35799K, committed 35920K, reserved 548864K
  class space    used 4456K, capacity 4802K, committed 4864K, reserved 516096K
}
Event: 13.227 GC heap after
{Heap after GC invocations=8 (full 0):
 garbage-first heap   total 194560K, used 23050K [0x0000000080000000, 0x0000000100000000)
  region size 1024K, 6 young (6144K), 6 survivors (6144K)
 Metaspace       used 34976K, capacity 35799K, committed 35920K, reserved 548864K
  class space    used 4456K, capacity 4802K, committed 4864K, reserved 516096K
}
Event: 54.523 GC heap before
{Heap before GC invocations=9 (full 0):
 garbage-first heap   total 194560K, used 112138K [0x0000000080000000, 0x0000000100000000)
  region size 1024K, 91 young (93184K), 6 survivors (6144K)
 Metaspace       used 42676K, capacity 43876K, committed 43952K, reserved 555008K
  class space    used 5383K, capacity 5855K, committed 5888K, reserved 516096K
}
Event: 54.559 GC heap after
{Heap after GC invocations=10 (full 0):
 garbage-first heap   total 194560K, used 30168K [0x0000000080000000, 0x0000000100000000)
  region size 1024K, 12 young (12288K), 12 survivors (12288K)
 Metaspace       used 42676K, capacity 43876K, committed 43952K, reserved 555008K
  class space    used 5383K, capacity 5855K, committed 5888K, reserved 516096K
}
Event: 80.783 GC heap before
{Heap before GC invocations=11 (full 0):
 garbage-first heap   total 194560K, used 124376K [0x0000000080000000, 0x0000000100000000)
  region size 1024K, 103 young (105472K), 12 survivors (12288K)
 Metaspace       used 49607K, capacity 50888K, committed 51120K, reserved 561152K
  class space    used 6339K, capacity 6850K, committed 6912K, reserved 516096K
}
Event: 80.811 GC heap after
{Heap after GC invocations=12 (full 0):
 garbage-first heap   total 194560K, used 34166K [0x0000000080000000, 0x0000000100000000)
  region size 1024K, 11 young (11264K), 11 survivors (11264K)
 Metaspace       used 49607K, capacity 50888K, committed 51120K, reserved 561152K
  class space    used 6339K, capacity 6850K, committed 6912K, reserved 516096K
}
Event: 112.283 GC heap before
{Heap before GC invocations=12 (full 0):
 garbage-first heap   total 194560K, used 137590K [0x0000000080000000, 0x0000000100000000)
  region size 1024K, 106 young (108544K), 11 survivors (11264K)
 Metaspace       used 58274K, capacity 59980K, committed 60208K, reserved 569344K
  class space    used 7546K, capacity 8265K, committed 8320K, reserved 516096K
}
Event: 112.331 GC heap after
{Heap after GC invocations=13 (full 0):
 garbage-first heap   total 194560K, used 45384K [0x0000000080000000, 0x0000000100000000)
  region size 1024K, 9 young (9216K), 9 survivors (9216K)
 Metaspace       used 58274K, capacity 59980K, committed 60208K, reserved 569344K
  class space    used 7546K, capacity 8265K, committed 8320K, reserved 516096K
}
Event: 118.254 GC heap before
{Heap before GC invocations=13 (full 0):
 garbage-first heap   total 194560K, used 144712K [0x0000000080000000, 0x0000000100000000)
  region size 1024K, 106 young (108544K), 9 survivors (9216K)
 Metaspace       used 65762K, capacity 67582K, committed 67888K, reserved 575488K
  class space    used 8530K, capacity 9251K, committed 9344K, reserved 516096K
}
Event: 118.273 GC heap after
{Heap after GC invocations=14 (full 0):
 garbage-first heap   total 194560K, used 49716K [0x0000000080000000, 0x0000000100000000)
  region size 1024K, 10 young (10240K), 10 survivors (10240K)
 Metaspace       used 65762K, capacity 67582K, committed 67888K, reserved 575488K
  class space    used 8530K, capacity 9251K, committed 9344K, reserved 516096K
}
Event: 125.962 GC heap before
{Heap before GC invocations=14 (full 0):
 garbage-first heap   total 194560K, used 134708K [0x0000000080000000, 0x0000000100000000)
  region size 1024K, 95 young (97280K), 10 survivors (10240K)
 Metaspace       used 71083K, capacity 73117K, committed 73256K, reserved 579584K
  class space    used 9239K, capacity 10074K, committed 10112K, reserved 516096K
}
Event: 126.015 GC heap after
{Heap after GC invocations=15 (full 0):
 garbage-first heap   total 194560K, used 56845K [0x0000000080000000, 0x0000000100000000)
  region size 1024K, 11 young (11264K), 11 survivors (11264K)
 Metaspace       used 71083K, capacity 73117K, committed 73256K, reserved 579584K
  class space    used 9239K, capacity 10074K, committed 10112K, reserved 516096K
}

