# JRE version: OpenJDK Runtime Environment Microsoft-8035250 (11.0.20+8) (build 11.0.20+8-LTS)
# Java VM: OpenJDK 64-Bit Server VM Microsoft-8035250 (11.0.20+8-LTS, mixed mode, tiered, compressed oops, g1 gc, windows-amd64)
Heap:
 garbage-first heap   total 194560K, used 91436K [0x0000000080000000, 0x0000000100000000)
  region size 1024K, 70 young (71680K), 6 survivors (6144K)
 Metaspace       used 41206K, capacity 42295K, committed 42576K, reserved 555008K
  class space    used 5144K, capacity 5539K, committed 5632K, reserved 516096K
GC Heap History (10 events):
Event: 2.125 GC heap before
{Heap before GC invocations=0 (full 0):
 garbage-first heap   total 194560K, used 13312K [0x0000000080000000, 0x0000000100000000)
  region size 1024K, 14 young (14336K), 0 survivors (0K)
 Metaspace       used 6820K, capacity 7053K, committed 7424K, reserved 524288K
  class space    used 574K, capacity 650K, committed 768K, reserved 516096K
}
Event: 2.190 GC heap after
{Heap after GC invocations=1 (full 0):
 garbage-first heap   total 194560K, used 4289K [0x0000000080000000, 0x0000000100000000)
  region size 1024K, 2 young (2048K), 2 survivors (2048K)
 Metaspace       used 6820K, capacity 7053K, committed 7424K, reserved 524288K
  class space    used 574K, capacity 650K, committed 768K, reserved 516096K
}
Event: 13.395 GC heap before
{Heap before GC invocations=1 (full 0):
 garbage-first heap   total 194560K, used 104641K [0x0000000080000000, 0x0000000100000000)
  region size 1024K, 97 young (99328K), 2 survivors (2048K)
 Metaspace       used 20710K, capacity 21127K, committed 21296K, reserved 536576K
  class space    used 2437K, capacity 2607K, committed 2688K, reserved 516096K
}
Event: 13.421 GC heap after
{Heap after GC invocations=2 (full 0):
 garbage-first heap   total 194560K, used 18007K [0x0000000080000000, 0x0000000100000000)
  region size 1024K, 12 young (12288K), 12 survivors (12288K)
 Metaspace       used 20710K, capacity 21127K, committed 21296K, reserved 536576K
  class space    used 2437K, capacity 2607K, committed 2688K, reserved 516096K
}
Event: 15.014 GC heap before
{Heap before GC invocations=3 (full 0):
 garbage-first heap   total 194560K, used 53847K [0x0000000080000000, 0x0000000100000000)
  region size 1024K, 47 young (48128K), 12 survivors (12288K)
 Metaspace       used 24359K, capacity 24921K, committed 25264K, reserved 538624K
  class space    used 3010K, capacity 3237K, committed 3328K, reserved 516096K
}
Event: 15.032 GC heap after
{Heap after GC invocations=4 (full 0):
 garbage-first heap   total 194560K, used 19369K [0x0000000080000000, 0x0000000100000000)
  region size 1024K, 2 young (2048K), 2 survivors (2048K)
 Metaspace       used 24359K, capacity 24921K, committed 25264K, reserved 538624K
  class space    used 3010K, capacity 3237K, committed 3328K, reserved 516096K
}
Event: 18.418 GC heap before
{Heap before GC invocations=4 (full 0):
 garbage-first heap   total 194560K, used 99241K [0x0000000080000000, 0x0000000100000000)
  region size 1024K, 80 young (81920K), 2 survivors (2048K)
 Metaspace       used 31613K, capacity 32312K, committed 32560K, reserved 544768K
  class space    used 4132K, capacity 4429K, committed 4480K, reserved 516096K
}
Event: 18.427 GC heap after
{Heap after GC invocations=5 (full 0):
 garbage-first heap   total 194560K, used 21911K [0x0000000080000000, 0x0000000100000000)
  region size 1024K, 4 young (4096K), 4 survivors (4096K)
 Metaspace       used 31613K, capacity 32312K, committed 32560K, reserved 544768K
  class space    used 4132K, capacity 4429K, committed 4480K, reserved 516096K
}
Event: 19.641 GC heap before
{Heap before GC invocations=5 (full 0):
 garbage-first heap   total 194560K, used 36247K [0x0000000080000000, 0x0000000100000000)
  region size 1024K, 19 young (19456K), 4 survivors (4096K)
 Metaspace       used 34968K, capacity 35784K, committed 35920K, reserved 548864K
  class space    used 4443K, capacity 4780K, committed 4864K, reserved 516096K
}
Event: 19.664 GC heap after
{Heap after GC invocations=6 (full 0):
 garbage-first heap   total 194560K, used 23852K [0x0000000080000000, 0x0000000100000000)
  region size 1024K, 6 young (6144K), 6 survivors (6144K)
 Metaspace       used 34968K, capacity 35784K, committed 35920K, reserved 548864K
  class space    used 4443K, capacity 4780K, committed 4864K, reserved 516096K
}

